<?xml version="1.0" encoding="UTF-8"?>
<!-- Generated by org.testng.reporters.JUnitReportReporter -->
<testsuite hostname="DESKTOP-9GBJI9C" failures="0" tests="3" name="com.power.testcases.TC0002" time="269.600" errors="0" timestamp="2023-04-12T16:24:24 IST" skipped="0">
  <testcase classname="com.power.testcases.TC0002" name="verify_Plan" time="151.607"/>
  <system-out>
    <![CDATA[Pricing
Signup Form
Message =E-Mail Verification - Socinator]]>
  </system-out>
  <testcase classname="com.power.testcases.TC0002" name="verify_Pricing" time="27.296"/>
  <system-out>
    <![CDATA[The Best Plans And Pricing For You]]>
  </system-out>
  <testcase classname="com.power.testcases.TC0002" name="verify_ResourcesPage" time="90.697"/>
  <system-out>
    <![CDATA[Page Title =E-Mail Verification - Socinator
Page Title =Blog - Socinator
Page Title =E-Mail Verification - Socinator
Page Title =Change log - Socinator
Page Title =E-Mail Verification - Socinator
Page Title =Download Socinator - Socinator]]>
  </system-out>
</testsuite> <!-- com.power.testcases.TC0002 -->
