<?xml version="1.0" encoding="UTF-8"?>
<!-- Generated by org.testng.reporters.JUnitReportReporter -->
<testsuite hostname="DESKTOP-9GBJI9C" failures="0" tests="1" name="com.power.testcases.TC0003" time="23.602" errors="0" timestamp="2023-04-09T01:05:48 IST" skipped="0">
  <testcase classname="com.power.testcases.TC0003" name="verify_Download" time="23.602"/>
  <system-out>
    <![CDATA[Page TitleHome - Socinator]]>
  </system-out>
</testsuite> <!-- com.power.testcases.TC0003 -->
